22:40:33.661 WARN  server.js - testing log 
22:40:35.945 WARN  server.js - testing log 
22:41:16.017 WARN  server.js - testing log 
22:58:12.922 WARN  Login Failed - from undefined undefined 
23:00:12.625 ERROR Login Failed - from undefined, undefined 
23:00:18.050 ERROR Login Failed - from undefined, undefined 
23:00:35.422 ERROR Login Failed - from undefined, undefined 
23:01:59.043 ERROR Login Failed - from undefined, undefined 
23:04:42.022 WARN  Login Failed - from undefined, undefined 
23:10:52.492 WARN  Login Failed - from undefined, undefined 
23:14:22.074 WARN  Login Failed - from undefined, undefined 
23:16:00.762 WARN  Login Failed - from undefined, undefined 
23:20:20.041 WARN  Login Failed 
23:20:38.086 WARN  Login Failed 
22:37:16.016 WARN  Login Failed 
22:41:40.737 WARN  Login Failed 
22:42:24.728 WARN  Login Failed 
22:52:51.986 WARN  Login Failed 
22:56:56.927 WARN  Login Failed 
22:58:28.559 WARN  Login Failed 
10:29:41.228 WARN  Login Failed 
10:32:49.976 WARN  Login Failed 
10:34:45.139 WARN  Login Failed 
10:36:55.190 WARN  Login Failed 
11:48:39.248 WARN  Login Failed 
11:52:19.026 WARN  Login Failed 
11:55:28.897 WARN  Login Failed 
11:56:44.309 WARN  Login Failed 
11:57:01.604 WARN  Login Failed 
